<?xml version="1.0" encoding="UTF-8"?>
<!-- Generated by org.testng.reporters.JUnitReportReporter -->
<testsuite hostname="DESKTOP-26A9125" failures="0" tests="1" name="testcases.adminLoginInValidCredential" time="2.291" errors="0" timestamp="15 Jul 2023 13:25:17 GMT" skipped="0">
  <testcase classname="testcases.adminLoginInValidCredential" name="admincheckinvalidcred" time="2.291"/>
</testsuite> <!-- testcases.adminLoginInValidCredential -->
