<?xml version="1.0" encoding="UTF-8"?>
<!-- Generated by org.testng.reporters.JUnitReportReporter -->
<testsuite hostname="DESKTOP-0RQF8FK" failures="0" tests="1" name="testcases.ReceiveMailTest" time="0.003" errors="0" timestamp="2023-02-20T20:50:25 IST" skipped="0">
  <testcase classname="testcases.ReceiveMailTest" name="receiveMail" time="0.003"/>
  <system-out/>
</testsuite> <!-- testcases.ReceiveMailTest -->
