<?xml version="1.0" encoding="UTF-8"?>
<!-- Generated by org.testng.reporters.JUnitReportReporter -->
<testsuite hostname="DESKTOP-26A9125" failures="0" tests="1" name="testcases.Property_File" time="0.761" errors="0" timestamp="18 Jul 2023 17:39:34 GMT" skipped="0">
  <testcase classname="testcases.Property_File" name="verifyLogin" time="0.761"/>
</testsuite> <!-- testcases.Property_File -->
