<?xml version="1.0" encoding="UTF-8"?>
<!-- Generated by org.testng.reporters.JUnitReportReporter -->
<testsuite hostname="DESKTOP-26A9125" failures="0" tests="1" name="testcases.SendMailTest" time="0.008" errors="0" timestamp="13 Jul 2023 09:34:09 GMT" skipped="0">
  <testcase classname="testcases.SendMailTest" name="sendMail" time="0.008"/>
</testsuite> <!-- testcases.SendMailTest -->
