<?xml version="1.0" encoding="UTF-8"?>
<!-- Generated by org.testng.reporters.JUnitReportReporter -->
<testsuite hostname="DESKTOP-26A9125" failures="0" tests="1" name="testcases.fligtBooking" time="2.552" errors="0" timestamp="18 Jul 2023 19:34:13 GMT" skipped="0">
  <testcase classname="testcases.fligtBooking" name="verifyLogin" time="2.552"/>
</testsuite> <!-- testcases.fligtBooking -->
