<?xml version="1.0" encoding="UTF-8"?>
<!-- Generated by org.testng.reporters.JUnitReportReporter -->
<testsuite hostname="DESKTOP-26A9125" failures="0" tests="2" name="testcases.Extended_report" time="10.192" errors="0" timestamp="19 Jul 2023 17:24:48 GMT" skipped="0">
  <testcase classname="testcases.Extended_report" name="testcase1" time="4.826"/>
  <testcase classname="testcases.Extended_report" name="testcase2" time="5.366"/>
</testsuite> <!-- testcases.Extended_report -->
