<?xml version="1.0" encoding="UTF-8"?>
<!-- Generated by org.testng.reporters.JUnitReportReporter -->
<testsuite hostname="DESKTOP-26A9125" failures="0" tests="1" name="testcases.AddEmpTestCase" time="10.111" errors="0" timestamp="15 Jul 2023 13:25:17 GMT" skipped="0">
  <testcase classname="testcases.AddEmpTestCase" name="addemp" time="10.111"/>
</testsuite> <!-- testcases.AddEmpTestCase -->
